<?xml version="1.0" encoding="utf-8"?><testsuites name="pytest tests"><testsuite name="pytest" errors="0" failures="0" skipped="0" tests="17" time="2.675" timestamp="2026-04-03T19:31:30.927067+00:00" hostname="agent-env-d64e2417-0d6c-494c-9978-80dc101ffd6f"><testcase classname="backend.tests.test_gallery_testimonials.TestTestimonials" name="test_submit_testimonial_public" time="0.243" /><testcase classname="backend.tests.test_gallery_testimonials.TestTestimonials" name="test_submit_testimonial_missing_fields" time="0.165" /><testcase classname="backend.tests.test_gallery_testimonials.TestTestimonials" name="test_submit_testimonial_invalid_stars" time="0.139" /><testcase classname="backend.tests.test_gallery_testimonials.TestTestimonials" name="test_get_testimonials_public_only_approved" time="0.160" /><testcase classname="backend.tests.test_gallery_testimonials.TestTestimonials" name="test_get_testimonials_admin_requires_auth" time="0.173" /><testcase classname="backend.tests.test_gallery_testimonials.TestTestimonials" name="test_get_testimonials_admin" time="0.465" /><testcase classname="backend.tests.test_gallery_testimonials.TestTestimonials" name="test_approve_testimonial" time="0.063" /><testcase classname="backend.tests.test_gallery_testimonials.TestTestimonials" name="test_approved_testimonial_visible_publicly" time="0.114" /><testcase classname="backend.tests.test_gallery_testimonials.TestTestimonials" name="test_reject_testimonial" time="0.059" /><testcase classname="backend.tests.test_gallery_testimonials.TestTestimonials" name="test_rejected_testimonial_not_visible_publicly" time="0.155" /><testcase classname="backend.tests.test_gallery_testimonials.TestGallery" name="test_get_gallery_public" time="0.138" /><testcase classname="backend.tests.test_gallery_testimonials.TestGallery" name="test_upload_gallery_requires_auth" time="0.141" /><testcase classname="backend.tests.test_gallery_testimonials.TestGallery" name="test_upload_gallery_image" time="0.073" /><testcase classname="backend.tests.test_gallery_testimonials.TestGallery" name="test_gallery_image_accessible" time="0.119" /><testcase classname="backend.tests.test_gallery_testimonials.TestGallery" name="test_get_gallery_contains_uploaded" time="0.107" /><testcase classname="backend.tests.test_gallery_testimonials.TestGallery" name="test_delete_gallery_image" time="0.060" /><testcase classname="backend.tests.test_gallery_testimonials.TestGallery" name="test_get_gallery_after_delete" time="0.108" /></testsuite></testsuites>