<?xml version="1.0" encoding="utf-8"?><testsuites name="pytest tests"><testsuite name="pytest" errors="0" failures="0" skipped="0" tests="9" time="1.754" timestamp="2026-05-25T20:19:03.783165+00:00" hostname="agent-env-d64e2417-0d6c-494c-9978-80dc101ffd6f"><testcase classname="backend.tests.test_pricing_grid" name="test_get_pricing_grid_public" time="0.154" /><testcase classname="backend.tests.test_pricing_grid" name="test_post_pricing_grid" time="0.452" /><testcase classname="backend.tests.test_pricing_grid" name="test_item_visible_in_list" time="0.222" /><testcase classname="backend.tests.test_pricing_grid" name="test_put_pricing_grid" time="0.072" /><testcase classname="backend.tests.test_pricing_grid" name="test_toggle_active_false" time="0.058" /><testcase classname="backend.tests.test_pricing_grid" name="test_toggle_active_true" time="0.064" /><testcase classname="backend.tests.test_pricing_grid" name="test_delete_pricing_grid" time="0.233" /><testcase classname="backend.tests.test_pricing_grid" name="test_post_quote_with_line_items" time="0.158" /><testcase classname="backend.tests.test_pricing_grid" name="test_post_requires_admin" time="0.163" /></testsuite></testsuites>