<?xml version="1.0" encoding="utf-8"?><testsuites name="pytest tests"><testsuite name="pytest" errors="0" failures="0" skipped="0" tests="6" time="0.874" timestamp="2026-06-30T03:53:20.703419+00:00" hostname="agent-env-d64e2417-0d6c-494c-9978-80dc101ffd6f"><testcase classname="backend.tests.test_features_p1_p2_pdf.TestQuoteToInvoice" name="test_convert_quote_request_creates_invoice" time="0.397" /><testcase classname="backend.tests.test_features_p1_p2_pdf.TestQuoteToInvoice" name="test_convert_already_converted_returns_400" time="0.046" /><testcase classname="backend.tests.test_features_p1_p2_pdf.TestQuoteToInvoice" name="test_converted_request_has_status_converted" time="0.048" /><testcase classname="backend.tests.test_features_p1_p2_pdf.TestPDFGeneration" name="test_invoice_pdf_returns_valid" time="0.120" /><testcase classname="backend.tests.test_features_p1_p2_pdf.TestPDFGeneration" name="test_quote_pdf_returns_valid" time="0.101" /><testcase classname="backend.tests.test_features_p1_p2_pdf.TestInvoiceList" name="test_invoices_list_has_fac_2026" time="0.048" /></testsuite></testsuites>