<?xml version="1.0" encoding="utf-8"?><testsuites name="pytest tests"><testsuite name="pytest" errors="0" failures="0" skipped="0" tests="4" time="0.958" timestamp="2026-04-03T16:00:11.956803+00:00" hostname="agent-env-d64e2417-0d6c-494c-9978-80dc101ffd6f"><testcase classname="backend.tests.test_e3c.TestRoot" name="test_api_root" time="0.174" /><testcase classname="backend.tests.test_e3c.TestContact" name="test_submit_contact" time="0.162" /><testcase classname="backend.tests.test_e3c.TestContact" name="test_submit_contact_missing_required" time="0.389" /><testcase classname="backend.tests.test_e3c.TestContact" name="test_get_contacts" time="0.103" /></testsuite></testsuites>