<?xml version="1.0" encoding="utf-8"?><testsuites name="pytest tests"><testsuite name="pytest" errors="0" failures="0" skipped="0" tests="26" time="4.884" timestamp="2026-04-03T17:24:32.131601+00:00" hostname="agent-env-d64e2417-0d6c-494c-9978-80dc101ffd6f"><testcase classname="backend.tests.test_e3c_v2.TestHealth" name="test_health" time="0.241" /><testcase classname="backend.tests.test_e3c_v2.TestAuth" name="test_admin_login" time="0.402" /><testcase classname="backend.tests.test_e3c_v2.TestAuth" name="test_wrong_password" time="0.381" /><testcase classname="backend.tests.test_e3c_v2.TestAuth" name="test_register_client" time="0.721" /><testcase classname="backend.tests.test_e3c_v2.TestAuth" name="test_duplicate_register" time="0.153" /><testcase classname="backend.tests.test_e3c_v2.TestAuth" name="test_me_admin" time="0.054" /><testcase classname="backend.tests.test_e3c_v2.TestAuth" name="test_me_unauthenticated" time="0.109" /><testcase classname="backend.tests.test_e3c_v2.TestAuth" name="test_logout" time="0.416" /><testcase classname="backend.tests.test_e3c_v2.TestQuotes" name="test_list_quotes_admin" time="0.053" /><testcase classname="backend.tests.test_e3c_v2.TestQuotes" name="test_list_quotes_client" time="0.075" /><testcase classname="backend.tests.test_e3c_v2.TestQuotes" name="test_list_quotes_unauthenticated" time="0.098" /><testcase classname="backend.tests.test_e3c_v2.TestQuotes" name="test_create_quote" time="0.056" /><testcase classname="backend.tests.test_e3c_v2.TestQuotes" name="test_get_quote_admin" time="0.060" /><testcase classname="backend.tests.test_e3c_v2.TestQuotes" name="test_send_quote" time="0.053" /><testcase classname="backend.tests.test_e3c_v2.TestQuotes" name="test_client_sees_sent_quote" time="0.054" /><testcase classname="backend.tests.test_e3c_v2.TestQuotes" name="test_quote_pdf" time="0.226" /><testcase classname="backend.tests.test_e3c_v2.TestInvoices" name="test_list_invoices_admin" time="0.051" /><testcase classname="backend.tests.test_e3c_v2.TestInvoices" name="test_list_invoices_unauthenticated" time="0.104" /><testcase classname="backend.tests.test_e3c_v2.TestInvoices" name="test_invoice_created" time="0.157" /><testcase classname="backend.tests.test_e3c_v2.TestInvoices" name="test_set_tranches" time="0.052" /><testcase classname="backend.tests.test_e3c_v2.TestInvoices" name="test_tranches_amount_mismatch" time="0.057" /><testcase classname="backend.tests.test_e3c_v2.TestInvoices" name="test_invoice_pdf" time="0.086" /><testcase classname="backend.tests.test_e3c_v2.TestClients" name="test_list_clients" time="0.054" /><testcase classname="backend.tests.test_e3c_v2.TestClients" name="test_list_clients_forbidden_for_client" time="0.061" /><testcase classname="backend.tests.test_e3c_v2.TestPayments" name="test_list_payments_admin" time="0.060" /><testcase classname="backend.tests.test_e3c_v2.TestPayments" name="test_checkout_requires_tranches" time="0.818" /></testsuite></testsuites>